#
# An unexpected error has been detected by Java Runtime Environment:
#
#  EXCEPTION_ACCESS_VIOLATION (0xc0000005) at pc=0x10078ac0, pid=216, tid=3136
#
# Java VM: Java HotSpot(TM) Client VM (10.0-b19 mixed mode windows-x86)
# Problematic frame:
# C  0x10078ac0
#
# If you would like to submit a bug report, please visit:
#   http://java.sun.com/webapps/bugreport/crash.jsp
# The crash happened outside the Java Virtual Machine in native code.
# See problematic frame for where to report the bug.
#

---------------  T H R E A D  ---------------

Current thread (0x086a1800):  JavaThread "AWT-Windows" daemon [_thread_in_native, id=3136, stack(0x088d0000,0x08950000)]

siginfo: ExceptionCode=0xc0000005, reading address 0x10078ac0

Registers:
EAX=0x00000000, EBX=0x00000102, ECX=0x0894faa4, EDX=0x00000002
ESP=0x0894fa74, EBP=0x0894fa8c, ESI=0x7ff9d000, EDI=0x00000000
EIP=0x10078ac0, EFLAGS=0x00010206

Top of Stack: (sp=0x0894fa74)
0x0894fa74:   77d0b372 00000000 00000001 0894faa4
0x0894fa84:   00000000 0894fb8c 0894fab4 77d365b7
0x0894fa94:   00040000 00000001 0894faa4 10078ac0
0x0894faa4:   00000000 00000004 00000088 0021043a
0x0894fab4:   0894fadc 77d08eec 013164a8 00000088
0x0894fac4:   00000004 00000000 10078ac0 0894faf0
0x0894fad4:   00000000 00000000 0894fb2c 7c93e473
0x0894fae4:   0894faec 00000018 013164a8 00000088 

Instructions: (pc=0x10078ac0)
0x10078ab0:   
[error occurred during error reporting (printing registers, top of stack, instructions near pc), id 0xc0000005]

Stack: [0x088d0000,0x08950000],  sp=0x0894fa74,  free space=510k
Native frames: (J=compiled Java code, j=interpreted, Vv=VM code, C=native code)
C  0x10078ac0
C  [USER32.dll+0x465b7]
C  [USER32.dll+0x18eec]
C  [ntdll.dll+0xe473]
C  [USER32.dll+0x9402]

Java frames: (J=compiled Java code, j=interpreted, Vv=VM code)
v  ~BufferBlob::Interpreter
v  ~BufferBlob::Interpreter
v  ~BufferBlob::Interpreter
v  ~BufferBlob::StubRoutines (1)

---------------  P R O C E S S  ---------------

Java Threads: ( => current thread )
  0x0872c400 JavaThread "Thread-790" [_thread_blocked, id=4016, stack(0x03fd0000,0x04050000)]
  0x08782800 JavaThread "Thread-116" [_thread_blocked, id=2296, stack(0x0f870000,0x0f8f0000)]
  0x086fa000 JavaThread "Thread-73" [_thread_blocked, id=1068, stack(0x095d0000,0x09650000)]
  0x0489e400 JavaThread "Active Reference Queue Daemon" daemon [_thread_blocked, id=2532, stack(0x04480000,0x04500000)]
  0x048a9400 JavaThread "Timer-17" daemon [_thread_blocked, id=2276, stack(0x040d0000,0x04150000)]
  0x09265800 JavaThread "Timer-8" [_thread_blocked, id=984, stack(0x04050000,0x040d0000)]
  0x0943b000 JavaThread "Prefs Updater" [_thread_blocked, id=2468, stack(0x0c8e0000,0x0c960000)]
  0x093e4c00 JavaThread "Timer-6" daemon [_thread_blocked, id=2720, stack(0x0b300000,0x0b380000)]
  0x0935bc00 JavaThread "Timer-1" [_thread_blocked, id=2632, stack(0x0b200000,0x0b280000)]
  0x09020800 JavaThread "TimerQueue" daemon [_thread_blocked, id=3388, stack(0x09b30000,0x09bb0000)]
  0x08fcf800 JavaThread "AWT-EventQueue-0" [_thread_blocked, id=1232, stack(0x09a90000,0x09b10000)]
  0x086bc800 JavaThread "Timer-0" [_thread_blocked, id=1680, stack(0x08950000,0x089d0000)]
=>0x086a1800 JavaThread "AWT-Windows" daemon [_thread_in_native, id=3136, stack(0x088d0000,0x08950000)]
  0x086a0800 JavaThread "AWT-Shutdown" [_thread_blocked, id=144, stack(0x08850000,0x088d0000)]
  0x086a0000 JavaThread "Java2D Disposer" daemon [_thread_blocked, id=2792, stack(0x087d0000,0x08850000)]
  0x048c7000 JavaThread "JMI Unnamed Thread" [_thread_in_native, id=2872, stack(0x025d0000,0x02dd0000)]
  0x04867c00 JavaThread "Low Memory Detector" daemon [_thread_blocked, id=3728, stack(0x07d50000,0x07dd0000)]
  0x04860000 JavaThread "CompilerThread0" daemon [_thread_blocked, id=2936, stack(0x07550000,0x07d50000)]
  0x04877c00 JavaThread "Attach Listener" daemon [_thread_blocked, id=360, stack(0x074d0000,0x07550000)]
  0x0484cc00 JavaThread "Finalizer" daemon [_thread_blocked, id=2232, stack(0x06ad0000,0x06b50000)]
  0x0484bc00 JavaThread "Reference Handler" daemon [_thread_blocked, id=3292, stack(0x06a50000,0x06ad0000)]
  0x045ed000 JavaThread "main" [_thread_in_native, id=3424, stack(0x00430000,0x00c30000)]

Other Threads:
  0x04847000 VMThread [stack: 0x06cd0000,0x074d0000] [id=3460]
  0x04873000 WatcherThread [stack: 0x07dd0000,0x085d0000] [id=2944]

VM state:not at safepoint (normal execution)

VM Mutex/Monitor currently owned by a thread: None

Heap
 def new generation   total 14784K, used 3735K [0x10180000, 0x11180000, 0x12180000)
  eden space 13184K,  28% used [0x10180000, 0x10522ba0, 0x10e60000)
  from space 1600K,   0% used [0x10ff0000, 0x10ff3078, 0x11180000)
  to   space 1600K,   0% used [0x10e60000, 0x10e60000, 0x10ff0000)
 tenured generation   total 49152K, used 44915K [0x12180000, 0x15180000, 0x18180000)
   the space 49152K,  91% used [0x12180000, 0x14d5cef0, 0x14d5d000, 0x15180000)
 compacting perm gen  total 32768K, used 30385K [0x18180000, 0x1a180000, 0x1c180000)
   the space 32768K,  92% used [0x18180000, 0x19f2c5e0, 0x19f2c600, 0x1a180000)
No shared spaces configured.

Dynamic libraries:
0x00400000 - 0x0042d000 	C:\Program Files\MATLAB\R2008b\bin\win32\MATLAB.exe
0x7c930000 - 0x7c9ce000 	C:\WINDOWS\system32\ntdll.dll
0x7c7d0000 - 0x7c900000 	C:\WINDOWS\system32\kernel32.dll
0x7ae60000 - 0x7af26000 	C:\Program Files\MATLAB\R2008b\bin\win32\libut.dll
0x76c40000 - 0x76c68000 	C:\WINDOWS\system32\imagehlp.dll
0x77bc0000 - 0x77c18000 	C:\WINDOWS\system32\msvcrt.dll
0x76ba0000 - 0x76bab000 	C:\WINDOWS\system32\PSAPI.DLL
0x7b790000 - 0x7b7af000 	C:\Program Files\MATLAB\R2008b\bin\win32\LIBEXPAT.dll
0x78130000 - 0x781cb000 	C:\WINDOWS\WinSxS\x86_Microsoft.VC80.CRT_1fc8b3b9a1e18e3b_8.0.50727.4053_x-ww_e6967989\MSVCR80.dll
0x7b280000 - 0x7b357000 	C:\Program Files\MATLAB\R2008b\bin\win32\icuuc36.dll
0x77f50000 - 0x77ff8000 	C:\WINDOWS\system32\ADVAPI32.dll
0x77d80000 - 0x77e13000 	C:\WINDOWS\system32\RPCRT4.dll
0x77ef0000 - 0x77f01000 	C:\WINDOWS\system32\Secur32.dll
0x7aac0000 - 0x7aac4000 	C:\Program Files\MATLAB\R2008b\bin\win32\icudt36.dll
0x7aad0000 - 0x7aadc000 	C:\Program Files\MATLAB\R2008b\bin\win32\icuio36.dll
0x7acc0000 - 0x7ad82000 	C:\Program Files\MATLAB\R2008b\bin\win32\icuin36.dll
0x7c420000 - 0x7c4a7000 	C:\WINDOWS\WinSxS\x86_Microsoft.VC80.CRT_1fc8b3b9a1e18e3b_8.0.50727.4053_x-ww_e6967989\MSVCP80.dll
0x77cf0000 - 0x77d80000 	C:\WINDOWS\system32\USER32.dll
0x77e20000 - 0x77e69000 	C:\WINDOWS\system32\GDI32.dll
0x782e0000 - 0x78301000 	C:\Program Files\MATLAB\R2008b\bin\win32\libmwfl.dll
0x7aab0000 - 0x7aabf000 	C:\Program Files\MATLAB\R2008b\bin\win32\boost_signals-vc80-mt-1_34_1.dll
0x7aaa0000 - 0x7aaad000 	C:\Program Files\MATLAB\R2008b\bin\win32\boost_thread-vc80-mt-1_34_1.dll
0x7af90000 - 0x7b167000 	C:\Program Files\MATLAB\R2008b\bin\win32\libmwservices.dll
0x7af30000 - 0x7af8e000 	C:\Program Files\MATLAB\R2008b\bin\win32\libmx.dll
0x78770000 - 0x78782000 	C:\Program Files\MATLAB\R2008b\bin\win32\zlib1.dll
0x7b170000 - 0x7b275000 	C:\Program Files\MATLAB\R2008b\bin\win32\libmwmathutil.dll
0x79300000 - 0x79333000 	C:\Program Files\MATLAB\R2008b\bin\win32\mpath.dll
0x7b7b0000 - 0x7b7d6000 	C:\Program Files\MATLAB\R2008b\bin\win32\mlutil.dll
0x00c30000 - 0x00cca000 	C:\WINDOWS\system32\COMCTL32.dll
0x76300000 - 0x76347000 	C:\WINDOWS\system32\comdlg32.dll
0x7d5a0000 - 0x7dd9d000 	C:\WINDOWS\system32\SHELL32.dll
0x77e70000 - 0x77ee6000 	C:\WINDOWS\system32\SHLWAPI.dll
0x00370000 - 0x003c5000 	C:\WINDOWS\system32\NETAPI32.dll
0x719e0000 - 0x719f7000 	C:\WINDOWS\system32\WS2_32.dll
0x719d0000 - 0x719d8000 	C:\WINDOWS\system32\WS2HELP.dll
0x798c0000 - 0x798f6000 	C:\Program Files\MATLAB\R2008b\bin\win32\mcr.dll
0x7aae0000 - 0x7ab03000 	C:\Program Files\MATLAB\R2008b\bin\win32\iqm.dll
0x79e60000 - 0x7a34c000 	C:\Program Files\MATLAB\R2008b\bin\win32\m_interpreter.dll
0x7ab20000 - 0x7ab2e000 	C:\Program Files\MATLAB\R2008b\bin\win32\libmex.dll
0x79760000 - 0x797b6000 	C:\Program Files\MATLAB\R2008b\bin\win32\m_dispatcher.dll
0x78640000 - 0x7865c000 	C:\Program Files\MATLAB\R2008b\bin\win32\datasvcs.dll
0x78bf0000 - 0x78db2000 	C:\Program Files\MATLAB\R2008b\bin\win32\xerces-c_2_7.dll
0x79640000 - 0x79697000 	C:\Program Files\MATLAB\R2008b\bin\win32\profiler.dll
0x7ab80000 - 0x7ab9c000 	C:\Program Files\MATLAB\R2008b\bin\win32\libmwmathrng.dll
0x786f0000 - 0x78702000 	C:\Program Files\MATLAB\R2008b\bin\win32\m_pcodeio.dll
0x792c0000 - 0x792f5000 	C:\Program Files\MATLAB\R2008b\bin\win32\m_ir.dll
0x79970000 - 0x79e5e000 	C:\Program Files\MATLAB\R2008b\bin\win32\m_parser.dll
0x7ab10000 - 0x7ab1d000 	C:\Program Files\MATLAB\R2008b\bin\win32\ir_xfmr.dll
0x78310000 - 0x7844d000 	C:\Program Files\MATLAB\R2008b\bin\win32\mcos.dll
0x7abc0000 - 0x7abca000 	C:\Program Files\MATLAB\R2008b\bin\win32\mtok.dll
0x786d0000 - 0x786e6000 	C:\Program Files\MATLAB\R2008b\bin\win32\m_pcodegen.dll
0x78620000 - 0x7863b000 	C:\Program Files\MATLAB\R2008b\bin\win32\bridge.dll
0x7a7f0000 - 0x7a874000 	C:\Program Files\MATLAB\R2008b\bin\win32\udd.dll
0x7b360000 - 0x7b458000 	C:\Program Files\MATLAB\R2008b\bin\win32\libmwgui.dll
0x787d0000 - 0x7896e000 	C:\Program Files\MATLAB\R2008b\bin\win32\hg.dll
0x78660000 - 0x78682000 	C:\Program Files\MATLAB\R2008b\bin\win32\libmat.dll
0x7ad90000 - 0x7ae56000 	C:\Program Files\MATLAB\R2008b\bin\win32\libhdf5.dll
0x791d0000 - 0x7920e000 	C:\Program Files\MATLAB\R2008b\bin\win32\jmi.dll
0x78ef0000 - 0x78f1c000 	C:\Program Files\MATLAB\R2008b\bin\win32\libmwhardcopy.dll
0x79280000 - 0x792b7000 	C:\Program Files\MATLAB\R2008b\bin\win32\libuij.dll
0x78b50000 - 0x78be3000 	C:\Program Files\MATLAB\R2008b\bin\win32\libmwmathlinalg.dll
0x789b0000 - 0x78b46000 	C:\Program Files\MATLAB\R2008b\bin\win32\libmwmathelem.dll
0x78970000 - 0x789ae000 	C:\Program Files\MATLAB\R2008b\bin\win32\libmwmathcore.dll
0x796a0000 - 0x7971e000 	C:\Program Files\MATLAB\R2008b\bin\win32\libmwcholmod.dll
0x7ab30000 - 0x7ab3a000 	C:\Program Files\MATLAB\R2008b\bin\win32\libmwamd.dll
0x7ab60000 - 0x7ab69000 	C:\Program Files\MATLAB\R2008b\bin\win32\libmwcolamd.dll
0x7ab50000 - 0x7ab5d000 	C:\Program Files\MATLAB\R2008b\bin\win32\libmwblas.dll
0x7ab40000 - 0x7ab4c000 	C:\Program Files\MATLAB\R2008b\bin\win32\libmwbinder.dll
0x78690000 - 0x786c8000 	C:\Program Files\MATLAB\R2008b\bin\win32\libmwlapack.dll
0x7b7e0000 - 0x7b809000 	C:\Program Files\MATLAB\R2008b\bin\win32\libmwrookfastbp.dll
0x78f20000 - 0x78f48000 	C:\Program Files\MATLAB\R2008b\bin\win32\libmwma57.dll
0x7ac10000 - 0x7acbb000 	C:\Program Files\MATLAB\R2008b\bin\win32\libifcoremd.dll
0x79340000 - 0x795ef000 	C:\Program Files\MATLAB\R2008b\bin\win32\libmmd.dll
0x7ab70000 - 0x7ab7c000 	C:\Program Files\MATLAB\R2008b\bin\win32\libmwcsparse.dll
0x79820000 - 0x798bc000 	C:\Program Files\MATLAB\R2008b\bin\win32\libmwumfpack.dll
0x7a880000 - 0x7aa94000 	C:\Program Files\MATLAB\R2008b\bin\win32\uiw.dll
0x7ac00000 - 0x7ac09000 	C:\Program Files\MATLAB\R2008b\bin\win32\uinone.dll
0x781d0000 - 0x782e0000 	C:\WINDOWS\WinSxS\x86_Microsoft.VC80.MFC_1fc8b3b9a1e18e3b_8.0.50727.4053_x-ww_b77cec8e\MFC80.DLL
0x72f50000 - 0x72f76000 	C:\WINDOWS\system32\WINSPOOL.DRV
0x76970000 - 0x76aae000 	C:\WINDOWS\system32\ole32.dll
0x770d0000 - 0x7715b000 	C:\WINDOWS\system32\OLEAUT32.dll
0x79900000 - 0x79965000 	C:\Program Files\MATLAB\R2008b\bin\win32\udd_mi.dll
0x78710000 - 0x78722000 	C:\Program Files\MATLAB\R2008b\bin\win32\mwoles05.DLL
0x795f0000 - 0x79634000 	C:\Program Files\MATLAB\R2008b\bin\win32\comcli.dll
0x7c630000 - 0x7c64b000 	C:\WINDOWS\WinSxS\x86_Microsoft.VC80.ATL_1fc8b3b9a1e18e3b_8.0.50727.4053_x-ww_473666fd\ATL80.DLL
0x7abb0000 - 0x7abbb000 	C:\Program Files\MATLAB\R2008b\bin\win32\mlautoregister.dll
0x762e0000 - 0x762fd000 	C:\WINDOWS\system32\IMM32.DLL
0x01260000 - 0x01269000 	C:\WINDOWS\system32\LPK.DLL
0x73f80000 - 0x73feb000 	C:\WINDOWS\system32\USP10.dll
0x77160000 - 0x77263000 	C:\WINDOWS\WinSxS\x86_Microsoft.Windows.Common-Controls_6595b64144ccf1df_6.0.2600.6028_x-ww_61e65202\comctl32.dll
0x02100000 - 0x0210c000 	C:\WINDOWS\WinSxS\x86_Microsoft.VC80.MFCLOC_1fc8b3b9a1e18e3b_8.0.50727.4053_x-ww_0ccc058c\MFC80KOR.DLL
0x023c0000 - 0x023f8000 	C:\WINDOWS\system32\uxtheme.dll
0x76af0000 - 0x76b1b000 	C:\WINDOWS\system32\WINMM.dll
0x77bb0000 - 0x77bb8000 	C:\WINDOWS\system32\VERSION.dll
0x76c90000 - 0x76cb0000 	C:\WINDOWS\system32\NTMARTA.DLL
0x71b40000 - 0x71b53000 	C:\WINDOWS\system32\SAMLIB.dll
0x76f10000 - 0x76f3c000 	C:\WINDOWS\system32\WLDAP32.dll
0x74660000 - 0x746ac000 	C:\WINDOWS\system32\MSCTF.dll
0x75110000 - 0x7513e000 	C:\WINDOWS\system32\msctfime.ime
0x3a700000 - 0x3a769000 	C:\WINDOWS\system32\IMKR12.IME
0x76d10000 - 0x76d29000 	C:\WINDOWS\system32\iphlpapi.dll
0x741d0000 - 0x741d4000 	C:\WINDOWS\system32\icmp.Dll
0x78f80000 - 0x791d0000 	C:\Program Files\MATLAB\R2008b\sys\java\jre\win32\jre\bin\client\jvm.dll
0x7c340000 - 0x7c396000 	C:\Program Files\MATLAB\R2008b\bin\win32\MSVCR71.dll
0x045f0000 - 0x04691000 	C:\WINDOWS\system32\DBGHELP.dll
0x79720000 - 0x79728000 	C:\Program Files\MATLAB\R2008b\sys\java\jre\win32\jre\bin\hpi.dll
0x79740000 - 0x7974c000 	C:\Program Files\MATLAB\R2008b\sys\java\jre\win32\jre\bin\verify.dll
0x78790000 - 0x787af000 	C:\Program Files\MATLAB\R2008b\sys\java\jre\win32\jre\bin\java.dll
0x79750000 - 0x7975f000 	C:\Program Files\MATLAB\R2008b\sys\java\jre\win32\jre\bin\zip.dll
0x06a30000 - 0x06a40000 	C:\Program Files\NATEON\BIN\NateOnHook40u.dll
0x78dc0000 - 0x78eee000 	C:\Program Files\MATLAB\R2008b\sys\java\jre\win32\jre\bin\awt.dll
0x78730000 - 0x78748000 	C:\Program Files\MATLAB\R2008b\bin\win32\nativejava.dll
0x78750000 - 0x78768000 	C:\Program Files\MATLAB\R2008b\bin\win32\nativejmi.dll
0x7abf0000 - 0x7abf6000 	C:\Program Files\MATLAB\R2008b\bin\win32\nativeservices.dll
0x797c0000 - 0x79813000 	C:\Program Files\MATLAB\R2008b\sys\java\jre\win32\jre\bin\fontmanager.dll
0x787b0000 - 0x787c3000 	C:\Program Files\MATLAB\R2008b\sys\java\jre\win32\jre\bin\net.dll
0x79730000 - 0x79739000 	C:\Program Files\MATLAB\R2008b\sys\java\jre\win32\jre\bin\nio.dll
0x7b810000 - 0x7b816000 	C:\Program Files\MATLAB\R2008b\bin\win32\nativelmgr.dll
0x7b580000 - 0x7b5a4000 	C:\Program Files\MATLAB\R2008b\sys\java\jre\win32\jre\bin\jpeg.dll
0x7b820000 - 0x7b9a3000 	C:\Program Files\MATLAB\R2008b\bin\win32\instutil.dll
0x71980000 - 0x719bf000 	C:\WINDOWS\System32\mswsock.dll
0x76ed0000 - 0x76ef7000 	C:\WINDOWS\system32\DNSAPI.dll
0x76f60000 - 0x76f68000 	C:\WINDOWS\System32\winrnr.dll
0x76f70000 - 0x76f76000 	C:\WINDOWS\system32\rasadhlp.dll
0x76d90000 - 0x76db2000 	C:\WINDOWS\system32\appHelp.dll
0x76f80000 - 0x76fff000 	C:\WINDOWS\system32\CLBCATQ.DLL
0x77000000 - 0x770a7000 	C:\WINDOWS\system32\COMRes.dll
0x0a4e0000 - 0x0a6fd000 	C:\PROGRA~1\MICROS~2\Office12\GRA8E1~1.DLL

VM Arguments:
jvm_args: -Xss512k -XX:PermSize=32M -Xms64m -XX:NewRatio=3 -XX:MaxPermSize=64M -Xmx128m -XX:MaxDirectMemorySize=1200000000 -Dsun.java2d.noddraw=true -Dsun.awt.nopixfmt=true -Xshare:off -Xrs -Djava.library.path=C:\Program Files\MATLAB\R2008b\bin\win32 vfprintf abort 
java_command: <unknown>
Launcher Type: generic

Environment Variables:
PATH=C:\Program Files\NVIDIA Corporation\PhysX\Common;C:\WINDOWS\system32;C:\WINDOWS;C:\WINDOWS\System32\Wbem;C:\Program Files\MATLAB\R2008b\bin;C:\Program Files\MATLAB\R2008b\bin\win32;c:\Program Files\Microsoft SQL Server\90\Tools\binn;C:\Program Files\ESTsoft\ALZip;C:\WINDOWS\system32\WindowsPowerShell\v1.0;C:\Program Files\ESTsoft\ALZip
USERNAME=MYHOME
OS=Windows_NT
PROCESSOR_IDENTIFIER=x86 Family 6 Model 23 Stepping 10, GenuineIntel



---------------  S Y S T E M  ---------------

OS: Windows XP Build 2600 Service Pack 3

CPU:total 4 (4 cores per cpu, 1 threads per core) family 6 model 7 stepping 10, cmov, cx8, fxsr, mmx, sse, sse2, sse3, ssse3

Memory: 4k page, physical 2095532k(1224540k free), swap 4033560k(3077604k free)

vm_info: Java HotSpot(TM) Client VM (10.0-b19) for windows-x86 JRE (1.6.0_04-b12), built on Dec 14 2007 00:51:20 by "java_re" with MS VC++ 7.1

time: Mon Dec 06 22:17:52 2010
elapsed time: 24793 seconds

